[0m[[0m[0mdebug[0m] [0m[0mRunning TaskDef(preprocessorTest, org.scalatest.tools.Framework$$anon$1@371409ee, false, [SuiteSelector])[0m
[0m[[0m[0minfo[0m] [0m[0m[32mpreprocessorTest:[0m[0m
[0m[[0m[0minfo[0m] [0m[0m[32mPreprocessor[0m[0m
[0m[[0m[0minfo[0m] [0m[0m[31m- should correctly pad 'abc' (width=3) to the known block *** FAILED ***[0m[0m
[0m[[0m[0minfo[0m] [0m[0m[31m  0 did not equal 24 (preprocessorTest.scala:26)[0m[0m
[0m[[0m[0minfo[0m] [0m[0m[32mPreprocessor[0m[0m
[0m[[0m[0minfo[0m] [0m[0m[31m- should handle empty message (width=0) *** FAILED ***[0m[0m
[0m[[0m[0minfo[0m] [0m[0m[31m  0 did not equal 2147483648 (preprocessorTest.scala:52)[0m[0m
[0m[[0m[0minfo[0m] [0m[0m[32mPreprocessor[0m[0m
[0m[[0m[0minfo[0m] [0m[0m[31m- should handle 4-byte input (width=4) *** FAILED ***[0m[0m
[0m[[0m[0minfo[0m] [0m[0m[31m  0 did not equal 32 (preprocessorTest.scala:67)[0m[0m
[0m[[0m[0minfo[0m] [0m[0m[36mRun completed in 1 second, 145 milliseconds.[0m[0m
[0m[[0m[0minfo[0m] [0m[0m[36mTotal number of tests run: 3[0m[0m
[0m[[0m[0minfo[0m] [0m[0m[36mSuites: completed 1, aborted 0[0m[0m
[0m[[0m[0minfo[0m] [0m[0m[36mTests: succeeded 0, failed 3, canceled 0, ignored 0, pending 0[0m[0m
[0m[[0m[0minfo[0m] [0m[0m[31m*** 3 TESTS FAILED ***[0m[0m
[0m[[0m[31merror[0m] [0m[0mFailed tests:[0m
[0m[[0m[31merror[0m] [0m[0m	preprocessorTest[0m
[0m[[0m[31merror[0m] [0m[0m(Test / [31mtestOnly[0m) sbt.TestsFailedException: Tests unsuccessful[0m
